<?xml version="1.0" encoding="UTF-8"?>
<testng-results ignored="0" total="2" passed="2" failed="0" skipped="0">
  <reporter-output>
  </reporter-output>
  <suite started-at="2024-03-24T10:54:36 IST" name="Suite" finished-at="2024-03-24T10:55:10 IST" duration-ms="34062">
    <groups>
      <group name="Master">
        <method signature="TC_001_AccountRegistrationtTest.test_account_Registration()[pri:0, instance:testCases.TC_001_AccountRegistrationtTest@43dac38f]" name="test_account_Registration" class="testCases.TC_001_AccountRegistrationtTest"/>
        <method signature="TC_001_AccountRegistrationtTest.test_account_Registration()[pri:0, instance:testCases.TC_001_AccountRegistrationtTest@4b0d79fc]" name="test_account_Registration" class="testCases.TC_001_AccountRegistrationtTest"/>
      </group> <!-- Master -->
      <group name="Regression">
        <method signature="TC_001_AccountRegistrationtTest.test_account_Registration()[pri:0, instance:testCases.TC_001_AccountRegistrationtTest@43dac38f]" name="test_account_Registration" class="testCases.TC_001_AccountRegistrationtTest"/>
        <method signature="TC_001_AccountRegistrationtTest.test_account_Registration()[pri:0, instance:testCases.TC_001_AccountRegistrationtTest@4b0d79fc]" name="test_account_Registration" class="testCases.TC_001_AccountRegistrationtTest"/>
      </group> <!-- Regression -->
    </groups>
    <test started-at="2024-03-24T10:54:36 IST" name="Chrome" finished-at="2024-03-24T10:54:59 IST" duration-ms="22854">
      <class name="testCases.TC_001_AccountRegistrationtTest">
        <test-method is-config="true" signature="setup(java.lang.String)[pri:0, instance:testCases.TC_001_AccountRegistrationtTest@43dac38f]" started-at="2024-03-24T10:54:36 IST" name="setup" finished-at="2024-03-24T10:54:53 IST" duration-ms="17531" status="PASS">
          <params>
            <param index="0">
              <value>
                <![CDATA[chrome]]>
              </value>
            </param>
          </params>
          <reporter-output>
          </reporter-output>
        </test-method> <!-- setup -->
        <test-method signature="test_account_Registration()[pri:0, instance:testCases.TC_001_AccountRegistrationtTest@43dac38f]" started-at="2024-03-24T10:54:53 IST" name="test_account_Registration" finished-at="2024-03-24T10:54:58 IST" duration-ms="5089" status="PASS">
          <reporter-output>
          </reporter-output>
        </test-method> <!-- test_account_Registration -->
        <test-method is-config="true" signature="teadDown()[pri:0, instance:testCases.TC_001_AccountRegistrationtTest@43dac38f]" started-at="2024-03-24T10:54:58 IST" name="teadDown" finished-at="2024-03-24T10:54:59 IST" duration-ms="207" status="PASS">
          <reporter-output>
          </reporter-output>
        </test-method> <!-- teadDown -->
      </class> <!-- testCases.TC_001_AccountRegistrationtTest -->
    </test> <!-- Chrome -->
    <test started-at="2024-03-24T10:54:59 IST" name="Edge" finished-at="2024-03-24T10:55:10 IST" duration-ms="11185">
      <class name="testCases.TC_001_AccountRegistrationtTest">
        <test-method is-config="true" signature="setup(java.lang.String)[pri:0, instance:testCases.TC_001_AccountRegistrationtTest@4b0d79fc]" started-at="2024-03-24T10:54:59 IST" name="setup" finished-at="2024-03-24T10:55:05 IST" duration-ms="6215" status="PASS">
          <params>
            <param index="0">
              <value>
                <![CDATA[edge]]>
              </value>
            </param>
          </params>
          <reporter-output>
          </reporter-output>
        </test-method> <!-- setup -->
        <test-method signature="test_account_Registration()[pri:0, instance:testCases.TC_001_AccountRegistrationtTest@4b0d79fc]" started-at="2024-03-24T10:55:05 IST" name="test_account_Registration" finished-at="2024-03-24T10:55:10 IST" duration-ms="4792" status="PASS">
          <reporter-output>
          </reporter-output>
        </test-method> <!-- test_account_Registration -->
        <test-method is-config="true" signature="teadDown()[pri:0, instance:testCases.TC_001_AccountRegistrationtTest@4b0d79fc]" started-at="2024-03-24T10:55:10 IST" name="teadDown" finished-at="2024-03-24T10:55:10 IST" duration-ms="175" status="PASS">
          <reporter-output>
          </reporter-output>
        </test-method> <!-- teadDown -->
      </class> <!-- testCases.TC_001_AccountRegistrationtTest -->
    </test> <!-- Edge -->
  </suite> <!-- Suite -->
</testng-results>
